<?xml version="1.0" encoding="UTF-8"?>
<testsuite xmlns:xsi="http://www.w3.org/2001/XMLSchema-instance" xsi:noNamespaceSchemaLocation="https://maven.apache.org/surefire/maven-surefire-plugin/xsd/surefire-test-report.xsd" name="com.smarthome.PriorityQueueTest" time="0.001" tests="18" errors="0" skipped="0" failures="0">
  <properties>
[...]
</properties>
  <testcase name="testGetQueue" classname="com.smarthome.PriorityQueueTest" time="0"/>
  <testcase name="testUpdatePriority" classname="com.smarthome.PriorityQueueTest" time="0"/>
  <testcase name="testClear" classname="com.smarthome.PriorityQueueTest" time="0"/>
  <testcase name="testPeek" classname="com.smarthome.PriorityQueueTest" time="0"/>
  <testcase name="testSize" classname="com.smarthome.PriorityQueueTest" time="0"/>
  <testcase name="testGetTask" classname="com.smarthome.PriorityQueueTest" time="0"/>
  <testcase name="testEnqueueToEmptyQueue" classname="com.smarthome.PriorityQueueTest" time="0"/>
  <testcase name="testUpdatePriorityNonExistingTask" classname="com.smarthome.PriorityQueueTest" time="0"/>
  <testcase name="testContains" classname="com.smarthome.PriorityQueueTest" time="0"/>
  <testcase name="testGetPriority" classname="com.smarthome.PriorityQueueTest" time="0"/>
  <testcase name="testEnqueueAndPeek" classname="com.smarthome.PriorityQueueTest" time="0"/>
  <testcase name="testEnqueueWithHigherPriority" classname="com.smarthome.PriorityQueueTest" time="0"/>
  <testcase name="testEnqueueWithSamePriority" classname="com.smarthome.PriorityQueueTest" time="0"/>
  <testcase name="testDequeueFromEmptyQueue" classname="com.smarthome.PriorityQueueTest" time="0"/>
  <testcase name="testEnqueueWithLowerPriority" classname="com.smarthome.PriorityQueueTest" time="0"/>
  <testcase name="testPeekOnEmptyQueue" classname="com.smarthome.PriorityQueueTest" time="0"/>
  <testcase name="testDequeue" classname="com.smarthome.PriorityQueueTest" time="0"/>
  <testcase name="testIsEmpty" classname="com.smarthome.PriorityQueueTest" time="0"/>
</testsuite>